<?xml version="1.0" encoding="UTF-8"?>
<testng-results ignored="0" total="1" passed="1" failed="0" skipped="0">
  <reporter-output>
  </reporter-output>
  <suite started-at="2024-01-24T19:29:04 IST" name="Default suite" finished-at="2024-01-24T19:29:28 IST" duration-ms="24023">
    <groups>
    </groups>
    <test started-at="2024-01-24T19:29:04 IST" name="Default test" finished-at="2024-01-24T19:29:28 IST" duration-ms="24023">
      <class name="GoogleSearch">
        <test-method signature="textSearch()[pri:0, instance:GoogleSearch@4f80542f]" started-at="2024-01-24T19:29:04 IST" name="textSearch" finished-at="2024-01-24T19:29:28 IST" duration-ms="23920" status="PASS">
          <reporter-output>
          </reporter-output>
        </test-method> <!-- textSearch -->
      </class> <!-- GoogleSearch -->
    </test> <!-- Default test -->
  </suite> <!-- Default suite -->
</testng-results>
